<?xml version="1.0" encoding="utf-8"?><testsuites name="pytest tests"><testsuite name="pytest" errors="0" failures="0" skipped="0" tests="22" time="15.060" timestamp="2026-08-25T14:50:09.673355+00:00" hostname="agent-env-d3114098-63e6-4c92-83c0-ebef8c224d3c"><testcase classname="tests.backend_test" name="test_root" time="2.021" /><testcase classname="tests.backend_test" name="test_register_short_password" time="0.231" /><testcase classname="tests.test_interviewer_llm" name="test_multi_turn_persists" time="4.669" /><testcase classname="tests.backend_test" name="test_register_duplicate" time="0.355" /><testcase classname="tests.backend_test" name="test_login_success" time="0.339" /><testcase classname="tests.backend_test" name="test_login_case_insensitive_email" time="0.318" /><testcase classname="tests.backend_test" name="test_login_wrong_password" time="0.284" /><testcase classname="tests.backend_test" name="test_login_unknown_user" time="0.054" /><testcase classname="tests.backend_test" name="test_cases_catalog" time="0.090" /><testcase classname="tests.backend_test" name="test_protected_endpoints_require_auth" time="0.283" /><testcase classname="tests.backend_test" name="test_invalid_token_rejected" time="0.060" /><testcase classname="tests.backend_test" name="test_bookmark_lifecycle" time="0.428" /><testcase classname="tests.backend_test" name="test_bookmark_unknown_case" time="0.079" /><testcase classname="tests.backend_test" name="test_start_session_and_detail" time="0.213" /><testcase classname="tests.test_interviewer_llm" name="test_direct_ask_for_answer_refused" time="1.483" /><testcase classname="tests.backend_test" name="test_start_session_unknown_case" time="0.060" /><testcase classname="tests.backend_test" name="test_session_detail_not_owned" time="0.416" /><testcase classname="tests.backend_test" name="test_message_on_unknown_session" time="0.064" /><testcase classname="tests.backend_test" name="test_progress_shape" time="0.078" /><testcase classname="tests.test_interviewer_llm" name="test_final_recommendation_produces_scorecard" time="2.577" /><testcase classname="tests.test_behavior_probe" name="test_refusal_after_warmup" time="2.791" /><testcase classname="tests.test_behavior_probe" name="test_guesstimate_grounding_after_warmup" time="3.013" /></testsuite></testsuites>