<?xml version="1.0" encoding="utf-8"?><testsuites name="pytest tests"><testsuite name="pytest" errors="0" failures="3" skipped="0" tests="41" time="25.618" timestamp="2026-08-25T15:28:23.948805+00:00" hostname="agent-env-d3114098-63e6-4c92-83c0-ebef8c224d3c"><testcase classname="tests.backend_test" name="test_root" time="0.314" /><testcase classname="tests.backend_test" name="test_register_short_password" time="0.063" /><testcase classname="tests.test_casebook" name="test_total_case_count" time="0.357" /><testcase classname="tests.test_casebook" name="test_no_moderate_anywhere" time="0.073" /><testcase classname="tests.test_casebook" name="test_difficulty_vocabulary" time="0.000" /><testcase classname="tests.test_casebook" name="test_casebook_text_not_exposed" time="0.000" /><testcase classname="tests.test_casebook" name="test_casebook_cases_have_source_pages" time="0.000" /><testcase classname="tests.test_casebook" name="test_verbatim_prompt_subset" time="0.000" /><testcase classname="tests.test_casebook" name="test_named_grounded_cases_have_verbatim_prompt[fms-orchard-farmer]" time="0.000" /><testcase classname="tests.test_casebook" name="test_named_grounded_cases_have_verbatim_prompt[fms-retail-chain]" time="0.001"><failure message="AssertionError: fms-retail-chain fell back to generic prompt&#10;assert not True&#10; +  where True = &lt;built-in method startswith of str object at 0xfa97f7e1a2a0&gt;('You are working through')&#10; +    where &lt;built-in method startswith of str object at 0xfa97f7e1a2a0&gt; = &quot;You are working through the FMS Consulting CaseBook case: Retail Chain. This is a profitability case from the caseboo...35). Begin by stating how you'll structure your approach and what objective you want to answer before asking for data.&quot;.startswith">E   AssertionError: fms-retail-chain fell back to generic prompt
    assert not True
     +  where True = &lt;built-in method startswith of str object at 0xfa97f7e1a2a0&gt;('You are working through')
     +    where &lt;built-in method startswith of str object at 0xfa97f7e1a2a0&gt; = "You are working through the FMS Consulting CaseBook case: Retail Chain. This is a profitability case from the caseboo...35). Begin by stating how you'll structure your approach and what objective you want to answer before asking for data.".startswith</failure></testcase><testcase classname="tests.test_casebook" name="test_named_grounded_cases_have_verbatim_prompt[fms-biscuit-manufacturer]" time="0.000" /><testcase classname="tests.backend_test" name="test_register_duplicate" time="0.530" /><testcase classname="tests.backend_test" name="test_login_success" time="0.294" /><testcase classname="tests.test_casebook" name="test_session_start_strips_casebook_text" time="0.772" /><testcase classname="tests.backend_test" name="test_login_case_insensitive_email" time="0.291" /><testcase classname="tests.test_casebook" name="test_core_cases_difficulty" time="0.000" /><testcase classname="tests.test_casebook" name="test_difficulty_distribution" time="0.000" /><testcase classname="tests.test_wave_a_behavior" name="test_fuzzy_close_ask_gets_coaching_line" time="3.079" /><testcase classname="tests.backend_test" name="test_login_wrong_password" time="0.299" /><testcase classname="tests.backend_test" name="test_login_unknown_user" time="0.105" /><testcase classname="tests.backend_test" name="test_cases_catalog" time="0.077" /><testcase classname="tests.backend_test" name="test_protected_endpoints_require_auth" time="0.289" /><testcase classname="tests.backend_test" name="test_invalid_token_rejected" time="0.066" /><testcase classname="tests.backend_test" name="test_bookmark_lifecycle" time="0.405" /><testcase classname="tests.backend_test" name="test_bookmark_unknown_case" time="0.078" /><testcase classname="tests.backend_test" name="test_start_session_and_detail" time="0.232" /><testcase classname="tests.backend_test" name="test_start_session_unknown_case" time="0.078" /><testcase classname="tests.backend_test" name="test_session_detail_not_owned" time="0.442" /><testcase classname="tests.backend_test" name="test_message_on_unknown_session" time="0.071" /><testcase classname="tests.backend_test" name="test_progress_shape" time="0.072" /><testcase classname="tests.test_interviewer_llm" name="test_multi_turn_persists" time="3.082" /><testcase classname="tests.test_wave_a_behavior" name="test_crisp_ask_has_no_coaching_line" time="1.940"><failure message="AssertionError: coaching line wrongly prepended to a crisp ask. reply=&quot;A sharper phrasing would be: 'What is revenue by product line?' — here's the data:\nCoffee drinks account for 70% of revenue, food for 20%, and packaged goods for 10%.&quot;&#10;assert 'A sharper p...ng would be:' not in 'A sharper p...ods for 10%.'&#10;  &#10;  'A sharper phrasing would be:' is contained here:&#10;    A sharper phrasing would be: 'What is revenue by product line?' — here's the data:&#10;  ? ++++++++++++++++++++++++++++&#10;    Coffee drinks account for 70% of revenue, food for 20%, and packaged goods for 10%.">E   AssertionError: coaching line wrongly prepended to a crisp ask. reply="A sharper phrasing would be: 'What is revenue by product line?' — here's the data:\nCoffee drinks account for 70% of revenue, food for 20%, and packaged goods for 10%."
    assert 'A sharper p...ng would be:' not in 'A sharper p...ods for 10%.'
      
      'A sharper phrasing would be:' is contained here:
        A sharper phrasing would be: 'What is revenue by product line?' — here's the data:
      ? ++++++++++++++++++++++++++++
        Coffee drinks account for 70% of revenue, food for 20%, and packaged goods for 10%.</failure></testcase><testcase classname="tests.test_wave_a_behavior" name="test_easy_case_gives_structural_hint_when_stuck" time="3.043"><failure message="AssertionError: SPEC: a structural 'Hint:' should appear by the 2nd stuck turn on an Easy case; turn2 reply='Before we dive into numbers — how are you thinking about structuring this problem?' / turn3 reply='Hint: start with urban population, convert to households, then split households by income segment and assign usage per segment.'&#10;assert 'Hint:' in 'Before we dive into numbers — how are you thinking about structuring this problem?'">E   AssertionError: SPEC: a structural 'Hint:' should appear by the 2nd stuck turn on an Easy case; turn2 reply='Before we dive into numbers — how are you thinking about structuring this problem?' / turn3 reply='Hint: start with urban population, convert to households, then split households by income segment and assign usage per segment.'
    assert 'Hint:' in 'Before we dive into numbers — how are you thinking about structuring this problem?'</failure></testcase><testcase classname="tests.test_interviewer_llm" name="test_direct_ask_for_answer_refused" time="1.842" /><testcase classname="tests.test_interviewer_llm" name="test_final_recommendation_produces_scorecard" time="5.379" /><testcase classname="tests.test_wave_a_behavior" name="test_hard_case_declines_hint" time="1.465" /><testcase classname="tests.test_wave_a_behavior" name="test_casebook_verbatim_prompt_is_first_message[fms-orchard-farmer]" time="0.782" /><testcase classname="tests.test_wave_a_behavior" name="test_casebook_verbatim_prompt_is_first_message[fms-biscuit-manufacturer]" time="0.666" /><testcase classname="tests.test_wave_a_behavior" name="test_scorecard_on_casebook_case" time="3.824" /><testcase classname="tests.test_casebook_fallback" name="test_backend_boots_without_pdf" time="1.979" /><testcase classname="tests.test_casebook_fallback" name="test_moderate_label_in_pdf_is_normalised" time="9.072" /></testsuite></testsuites>